--> Launching Spark Master daemon on eu-g9-058-2...
--> Launching Spark Workers on all 16 nodes...
--> Submitting production Spark job to the network...
Reading dataset...
Initial DataFrame created.
Triggering calculation: initial_count...
initial_count=341518920
Triggering calculation: clean_count...
clean_count=42847303
Triggering calculation: stable_count...
stable_count=48783495
Triggering calculation: clean_and_stable_count...
clean_and_stable_count=982552 (from clean scenarios)
clean_and_stable_count=982552 (from stable scenarios)
Triggering calculation: deduplicated_count...
deduplicated_count=468238
Triggering calculation: deduplicated_from_clean_and_stable...
deduplicated_from_clean_and_stable_count=336882
Triggering calculation: secured_count...
secured_count=1276
Triggering calculation: secured_after_deduplication_count...
secured_after_deduplication_count=300884

Counts:
initial_count=341518920
clean_count=42847303
stable_count=48783495
clean_and_stable_count=982552
deduplicated_count=468238
deduplicated_from_clean_and_stable_count=336882
secured_count=1276
secured_after_deduplication_count=300884
Writing processed results back to Parquet...
Writing: clean_df...
Writing: clean_and_stable_df...
Writing: clean_and_stable_df...
Writing: secured_after_deduplication_df...
DONE!
--> Job complete. Tearing down ephemeral Spark cluster...
